<?xml version="1.0" encoding="UTF-8"?>
<!-- Generated by org.testng.reporters.JUnitXMLReporter -->
<testsuite ignored="1" hostname="Sayed-Sadat" failures="0" tests="35" name="Surefire test" time="7.25" errors="0" timestamp="2023-09-06T15:49:22 PDT">
  <testcase classname="tests.LoginTest" name="@BeforeTest user_is_on_test_environment_page" time="0.001">
    <failure type="java.lang.NullPointerException" message="Cannot invoke &amp;quot;java.util.Properties.getProperty(String)&amp;quot; because &amp;quot;core.BaseClass.properties&amp;quot; is null">
      <![CDATA[java.lang.NullPointerException: Cannot invoke "java.util.Properties.getProperty(String)" because "core.BaseClass.properties" is null
at core.BaseClass.getBrowserName(BaseClass.java:51)
at core.BaseClass.initializeDriver(BaseClass.java:79)
at tests.LoginTest.user_is_on_test_environment_page(LoginTest.java:18)
... Removed 27 stack frames]]>
    </failure>
  </testcase> <!-- @BeforeTest user_is_on_test_environment_page -->
  <testcase classname="tests.RegistrationFormTest" name="@BeforeTest initializeWebDriver" time="0.0">
    <skipped/>
  </testcase> <!-- @BeforeTest initializeWebDriver -->
  <testcase classname="tests.TestNG_Annotations" name="@BeforeTest beforTest" time="0.0">
    <skipped/>
  </testcase> <!-- @BeforeTest beforTest -->
  <testcase classname="tests.TestNG_Features" name="@BeforeTest beforTest" time="0.0">
    <skipped/>
  </testcase> <!-- @BeforeTest beforTest -->
  <testcase classname="tests.TestNG_GroupingAndDependency" name="@BeforeTest beforTest" time="0.0">
    <skipped/>
  </testcase> <!-- @BeforeTest beforTest -->
  <testcase classname="tests.TestNG_Features" name="@BeforeClass beforeClass" time="0.0">
    <skipped/>
  </testcase> <!-- @BeforeClass beforeClass -->
  <testcase classname="tests.TestNG_Features" name="@BeforeMethod beforeMethod" time="0.0">
    <skipped/>
  </testcase> <!-- @BeforeMethod beforeMethod -->
  <testcase classname="tests.TestNG_Features" name="@AfterMethod afterMethod" time="0.0">
    <skipped/>
  </testcase> <!-- @AfterMethod afterMethod -->
  <testcase classname="tests.TestNG_Features" name="@BeforeMethod beforeMethod" time="0.0">
    <skipped/>
  </testcase> <!-- @BeforeMethod beforeMethod -->
  <testcase classname="tests.TestNG_Features" name="@AfterMethod afterMethod" time="0.0">
    <skipped/>
  </testcase> <!-- @AfterMethod afterMethod -->
  <testcase classname="tests.TestNG_GroupingAndDependency" name="@BeforeClass beforeClass" time="0.0">
    <skipped/>
  </testcase> <!-- @BeforeClass beforeClass -->
  <testcase classname="tests.TestNG_GroupingAndDependency" name="@BeforeMethod beforeMethod" time="0.0">
    <skipped/>
  </testcase> <!-- @BeforeMethod beforeMethod -->
  <testcase classname="tests.TestNG_GroupingAndDependency" name="@AfterMethod afterMethod" time="0.0">
    <skipped/>
  </testcase> <!-- @AfterMethod afterMethod -->
  <testcase classname="tests.TestNG_Features" name="@BeforeMethod beforeMethod" time="0.0">
    <skipped/>
  </testcase> <!-- @BeforeMethod beforeMethod -->
  <testcase classname="tests.TestNG_Features" name="@AfterMethod afterMethod" time="0.0">
    <skipped/>
  </testcase> <!-- @AfterMethod afterMethod -->
  <testcase classname="tests.TestNG_GroupingAndDependency" name="@BeforeMethod beforeMethod" time="0.0">
    <skipped/>
  </testcase> <!-- @BeforeMethod beforeMethod -->
  <testcase classname="tests.TestNG_GroupingAndDependency" name="@AfterMethod afterMethod" time="0.0">
    <skipped/>
  </testcase> <!-- @AfterMethod afterMethod -->
  <testcase classname="tests.TestNG_Features" name="@BeforeMethod beforeMethod" time="0.0">
    <skipped/>
  </testcase> <!-- @BeforeMethod beforeMethod -->
  <testcase classname="tests.TestNG_Features" name="@AfterMethod afterMethod" time="0.0">
    <skipped/>
  </testcase> <!-- @AfterMethod afterMethod -->
  <testcase classname="tests.TestNG_Features" name="@BeforeMethod beforeMethod" time="0.0">
    <skipped/>
  </testcase> <!-- @BeforeMethod beforeMethod -->
  <testcase classname="tests.TestNG_Features" name="@AfterMethod afterMethod" time="0.0">
    <skipped/>
  </testcase> <!-- @AfterMethod afterMethod -->
  <testcase classname="tests.TestNG_Annotations" name="@BeforeClass beforeClass" time="0.0">
    <skipped/>
  </testcase> <!-- @BeforeClass beforeClass -->
  <testcase classname="tests.TestNG_GroupingAndDependency" name="@BeforeMethod beforeMethod" time="0.0">
    <skipped/>
  </testcase> <!-- @BeforeMethod beforeMethod -->
  <testcase classname="tests.TestNG_GroupingAndDependency" name="@AfterMethod afterMethod" time="0.0">
    <skipped/>
  </testcase> <!-- @AfterMethod afterMethod -->
  <testcase classname="tests.TestNG_GroupingAndDependency" name="@BeforeMethod beforeMethod" time="0.0">
    <skipped/>
  </testcase> <!-- @BeforeMethod beforeMethod -->
  <testcase classname="tests.TestNG_GroupingAndDependency" name="@AfterMethod afterMethod" time="0.0">
    <skipped/>
  </testcase> <!-- @AfterMethod afterMethod -->
  <testcase classname="tests.TestNG_Annotations" name="@AfterClass afterClass" time="0.0">
    <skipped/>
  </testcase> <!-- @AfterClass afterClass -->
  <testcase classname="tests.TestNG_Features" name="@BeforeMethod beforeMethod" time="0.0">
    <skipped/>
  </testcase> <!-- @BeforeMethod beforeMethod -->
  <testcase classname="tests.TestNG_Features" name="@AfterMethod afterMethod" time="0.0">
    <skipped/>
  </testcase> <!-- @AfterMethod afterMethod -->
  <testcase classname="tests.TestNG_GroupingAndDependency" name="@BeforeMethod beforeMethod" time="0.0">
    <skipped/>
  </testcase> <!-- @BeforeMethod beforeMethod -->
  <testcase classname="tests.TestNG_GroupingAndDependency" name="@AfterMethod afterMethod" time="0.0">
    <skipped/>
  </testcase> <!-- @AfterMethod afterMethod -->
  <testcase classname="tests.TestNG_GroupingAndDependency" name="@BeforeMethod beforeMethod" time="0.0">
    <skipped/>
  </testcase> <!-- @BeforeMethod beforeMethod -->
  <testcase classname="tests.TestNG_GroupingAndDependency" name="@AfterMethod afterMethod" time="0.0">
    <skipped/>
  </testcase> <!-- @AfterMethod afterMethod -->
  <testcase classname="tests.TestNG_GroupingAndDependency" name="@BeforeMethod beforeMethod" time="0.0">
    <skipped/>
  </testcase> <!-- @BeforeMethod beforeMethod -->
  <testcase classname="tests.TestNG_GroupingAndDependency" name="@AfterMethod afterMethod" time="0.0">
    <skipped/>
  </testcase> <!-- @AfterMethod afterMethod -->
  <testcase classname="tests.TestNG_GroupingAndDependency" name="@BeforeMethod beforeMethod" time="0.0">
    <skipped/>
  </testcase> <!-- @BeforeMethod beforeMethod -->
  <testcase classname="tests.TestNG_GroupingAndDependency" name="@AfterMethod afterMethod" time="0.0">
    <skipped/>
  </testcase> <!-- @AfterMethod afterMethod -->
  <testcase classname="tests.TestNG_GroupingAndDependency" name="@AfterClass afterClass" time="0.0">
    <skipped/>
  </testcase> <!-- @AfterClass afterClass -->
  <testcase classname="tests.TestNG_Features" name="@BeforeMethod beforeMethod" time="0.0">
    <skipped/>
  </testcase> <!-- @BeforeMethod beforeMethod -->
  <testcase classname="tests.TestNG_Features" name="@AfterMethod afterMethod" time="0.0">
    <skipped/>
  </testcase> <!-- @AfterMethod afterMethod -->
  <testcase classname="tests.TestNG_Features" name="@BeforeMethod beforeMethod" time="0.0">
    <skipped/>
  </testcase> <!-- @BeforeMethod beforeMethod -->
  <testcase classname="tests.TestNG_Features" name="@AfterMethod afterMethod" time="0.0">
    <skipped/>
  </testcase> <!-- @AfterMethod afterMethod -->
  <testcase classname="tests.TestNG_Features" name="@BeforeMethod beforeMethod" time="0.0">
    <skipped/>
  </testcase> <!-- @BeforeMethod beforeMethod -->
  <testcase classname="tests.TestNG_Features" name="@AfterMethod afterMethod" time="0.0">
    <skipped/>
  </testcase> <!-- @AfterMethod afterMethod -->
  <testcase classname="tests.TestNG_Features" name="@BeforeMethod beforeMethod" time="0.0">
    <skipped/>
  </testcase> <!-- @BeforeMethod beforeMethod -->
  <testcase classname="tests.TestNG_Features" name="@AfterMethod afterMethod" time="0.0">
    <skipped/>
  </testcase> <!-- @AfterMethod afterMethod -->
  <testcase classname="tests.TestNG_Features" name="@AfterClass afterClass" time="0.0">
    <skipped/>
  </testcase> <!-- @AfterClass afterClass -->
  <testcase classname="tests.DataProviderTest" name="@AfterTest tearDwon" time="0.0">
    <skipped/>
  </testcase> <!-- @AfterTest tearDwon -->
  <testcase classname="tests.LoginTest" name="@AfterTest gracefulTearDown" time="0.0">
    <skipped/>
  </testcase> <!-- @AfterTest gracefulTearDown -->
  <testcase classname="tests.RegistrationFormTest" name="@AfterTest close" time="0.0">
    <skipped/>
  </testcase> <!-- @AfterTest close -->
  <testcase classname="tests.TestNG_Annotations" name="@AfterTest afterTest" time="0.0">
    <skipped/>
  </testcase> <!-- @AfterTest afterTest -->
  <testcase classname="tests.TestNG_Features" name="@AfterTest afterTest" time="0.0">
    <skipped/>
  </testcase> <!-- @AfterTest afterTest -->
  <testcase classname="tests.TestNG_Features" name="@AfterTest gracefulTearDown" time="0.0">
    <skipped/>
  </testcase> <!-- @AfterTest gracefulTearDown -->
  <testcase classname="tests.TestNG_GroupingAndDependency" name="@AfterTest afterTest" time="0.0">
    <skipped/>
  </testcase> <!-- @AfterTest afterTest -->
  <testcase classname="tests.TestNG_GroupingAndDependency" name="@AfterTest gracefulTearDown" time="0.0">
    <skipped/>
  </testcase> <!-- @AfterTest gracefulTearDown -->
  <testcase classname="tests.TestNG_Features" name="runTestMultipleTimes" time="0.0">
    <skipped/>
  </testcase> <!-- runTestMultipleTimes -->
  <testcase classname="tests.TestNG_Features" name="runTestMultipleTimes" time="0.0">
    <skipped/>
  </testcase> <!-- runTestMultipleTimes -->
  <testcase classname="tests.TestNG_GroupingAndDependency" name="alwaysRun" time="0.001">
    <skipped/>
  </testcase> <!-- alwaysRun -->
  <testcase classname="tests.TestNG_GroupingAndDependency" name="dependsOnMethods" time="0.001">
    <skipped/>
  </testcase> <!-- dependsOnMethods -->
  <testcase classname="tests.TestNG_Features" name="description" time="0.001">
    <skipped/>
  </testcase> <!-- description -->
  <testcase classname="tests.TestNG_GroupingAndDependency" name="description" time="0.0">
    <skipped/>
  </testcase> <!-- description -->
  <testcase classname="tests.TestNG_Features" name="dividedByZeroExample1" time="0.0">
    <skipped/>
  </testcase> <!-- dividedByZeroExample1 -->
  <testcase classname="tests.TestNG_Features" name="executetimeOut" time="0.0">
    <skipped/>
  </testcase> <!-- executetimeOut -->
  <testcase classname="tests.LoginTest" name="loginTestPage" time="0.0">
    <skipped/>
  </testcase> <!-- loginTestPage -->
  <testcase classname="tests.DataProviderTest" name="loginToWebPage" time="0.0">
    <skipped/>
  </testcase> <!-- loginToWebPage -->
  <testcase classname="tests.DataProviderTest" name="loginToWebPage" time="0.0">
    <skipped/>
  </testcase> <!-- loginToWebPage -->
  <testcase classname="tests.DataProviderTest" name="loginToWebPage" time="0.0">
    <skipped/>
  </testcase> <!-- loginToWebPage -->
  <testcase classname="tests.DataProviderTest" name="loginToWebPage" time="0.0">
    <skipped/>
  </testcase> <!-- loginToWebPage -->
  <testcase classname="tests.RegistrationFormTest" name="registrationFormTest" time="0.0">
    <skipped/>
  </testcase> <!-- registrationFormTest -->
  <testcase classname="tests.RegistrationFormTest" name="registrationFormTest" time="0.0">
    <skipped/>
  </testcase> <!-- registrationFormTest -->
  <testcase classname="tests.TestNG_Annotations" name="regressionTest1" time="0.0">
    <skipped/>
  </testcase> <!-- regressionTest1 -->
  <testcase classname="tests.TestNG_Annotations" name="regressionTest2" time="0.0">
    <skipped/>
  </testcase> <!-- regressionTest2 -->
  <testcase classname="tests.TestNG_GroupingAndDependency" name="runTestMultipleTimes" time="0.001">
    <skipped/>
  </testcase> <!-- runTestMultipleTimes -->
  <testcase classname="tests.TestNG_GroupingAndDependency" name="runTestMultipleTimes" time="0.0">
    <skipped/>
  </testcase> <!-- runTestMultipleTimes -->
  <testcase classname="tests.TestNG_Annotations" name="smokeTest1" time="0.0">
    <skipped/>
  </testcase> <!-- smokeTest1 -->
  <testcase classname="tests.TestNG_Annotations" name="smokeTest2" time="0.0">
    <skipped/>
  </testcase> <!-- smokeTest2 -->
  <testcase classname="tests.TestNG_Features" name="test" time="0.0">
    <skipped/>
  </testcase> <!-- test -->
  <testcase classname="tests.TestNG_GroupingAndDependency" name="test" time="0.0">
    <skipped/>
  </testcase> <!-- test -->
  <testcase classname="tests.DataProviderTest" name="test1" time="0.0">
    <skipped/>
  </testcase> <!-- test1 -->
  <testcase classname="tests.DataProviderTest" name="test1" time="0.0">
    <skipped/>
  </testcase> <!-- test1 -->
  <testcase classname="tests.DataProviderTest" name="test1" time="0.0">
    <skipped/>
  </testcase> <!-- test1 -->
  <testcase classname="tests.DataProviderTest" name="test1" time="0.0">
    <skipped/>
  </testcase> <!-- test1 -->
  <testcase classname="tests.TestNG_GroupingAndDependency" name="test1" time="0.0">
    <skipped/>
  </testcase> <!-- test1 -->
  <testcase classname="tests.TestNG_GroupingAndDependency" name="test2" time="0.0">
    <skipped/>
  </testcase> <!-- test2 -->
  <testcase classname="tests.TestNG_GroupingAndDependency" name="test4" time="0.0">
    <skipped/>
  </testcase> <!-- test4 -->
  <testcase classname="tests.TestNG_GroupingAndDependency" name="test5" time="0.0">
    <skipped/>
  </testcase> <!-- test5 -->
  <testcase classname="tests.TestNG_Features" name="testCaseSkipException" time="0.0">
    <skipped/>
  </testcase> <!-- testCaseSkipException -->
  <testcase classname="tests.TestNG_Features" name="alwaysRun" time="0.0">
    <skipped/>
  </testcase> <!-- alwaysRun -->
  <testcase classname="tests.TestNG_Features" name="smoke" time="0.0">
    <skipped/>
  </testcase> <!-- smoke -->
  <testcase classname="tests.TestNG_Features" name="integration" time="0.0">
    <skipped/>
  </testcase> <!-- integration -->
  <testcase classname="tests.TestNG_GroupingAndDependency" name="test3" time="0.0">
    <ignored/>
  </testcase> <!-- test3 -->
</testsuite> <!-- Surefire test -->
