<?xml version="1.0" encoding="UTF-8"?>
<!-- Generated by org.testng.reporters.JUnitXMLReporter -->
<testsuite ignored="0" hostname="Sayed-Sadat" failures="0" tests="4" name="RegressionTest" time="0.08" errors="0" timestamp="2023-09-11T17:11:27 PDT">
  <testcase classname="tests.PreserveClass1" name="firstTestCase" time="0.009"/>
  <testcase classname="tests.PreserveClass1" name="secondTestCase" time="0.003"/>
  <testcase classname="tests.PreserveClass2" name="firstTestCase" time="0.006"/>
  <testcase classname="tests.PreserveClass2" name="secondTestCase" time="0.002"/>
</testsuite> <!-- RegressionTest -->
