<?xml version="1.0" encoding="UTF-8"?>
<testsuite xmlns:xsi="http://www.w3.org/2001/XMLSchema-instance" xsi:noNamespaceSchemaLocation="https://maven.apache.org/surefire/maven-surefire-plugin/xsd/surefire-test-report-3.0.xsd" version="3.0" name="TestSuite" time="8.877" tests="93" errors="0" skipped="92" failures="1">
  <properties>
[...]
</properties>
  <testcase name="user_is_on_test_environment_page" classname="tests.LoginTest" time="7.333">
    <failure message="Cannot invoke &quot;java.util.Properties.getProperty(String)&quot; because &quot;core.BaseClass.properties&quot; is null" type="java.lang.NullPointerException"><![CDATA[java.lang.NullPointerException: Cannot invoke "java.util.Properties.getProperty(String)" because "core.BaseClass.properties" is null
	at core.BaseClass.getBrowserName(BaseClass.java:51)
	at core.BaseClass.initializeDriver(BaseClass.java:79)
	at tests.LoginTest.user_is_on_test_environment_page(LoginTest.java:18)
	at java.base/jdk.internal.reflect.DirectMethodHandleAccessor.invoke(DirectMethodHandleAccessor.java:104)
	at java.base/java.lang.reflect.Method.invoke(Method.java:578)
	at org.testng.internal.invokers.MethodInvocationHelper.invokeMethod(MethodInvocationHelper.java:139)
	at org.testng.internal.invokers.MethodInvocationHelper.invokeMethodConsideringTimeout(MethodInvocationHelper.java:69)
	at org.testng.internal.invokers.ConfigInvoker.invokeConfigurationMethod(ConfigInvoker.java:390)
	at org.testng.internal.invokers.ConfigInvoker.invokeConfigurations(ConfigInvoker.java:325)
	at org.testng.TestRunner.invokeTestConfigurations(TestRunner.java:663)
	at org.testng.TestRunner.beforeRun(TestRunner.java:652)
	at org.testng.TestRunner.run(TestRunner.java:614)
	at org.testng.SuiteRunner.runTest(SuiteRunner.java:443)
	at org.testng.SuiteRunner.runSequentially(SuiteRunner.java:437)
	at org.testng.SuiteRunner.privateRun(SuiteRunner.java:397)
	at org.testng.SuiteRunner.run(SuiteRunner.java:336)
	at org.testng.SuiteRunnerWorker.runSuite(SuiteRunnerWorker.java:52)
	at org.testng.SuiteRunnerWorker.run(SuiteRunnerWorker.java:95)
	at org.testng.TestNG.runSuitesSequentially(TestNG.java:1280)
	at org.testng.TestNG.runSuitesLocally(TestNG.java:1200)
	at org.testng.TestNG.runSuites(TestNG.java:1114)
	at org.testng.TestNG.run(TestNG.java:1082)
	at org.apache.maven.surefire.testng.TestNGExecutor.run(TestNGExecutor.java:155)
	at org.apache.maven.surefire.testng.TestNGDirectoryTestSuite.executeMulti(TestNGDirectoryTestSuite.java:169)
	at org.apache.maven.surefire.testng.TestNGDirectoryTestSuite.execute(TestNGDirectoryTestSuite.java:88)
	at org.apache.maven.surefire.testng.TestNGProvider.invoke(TestNGProvider.java:137)
	at org.apache.maven.surefire.booter.ForkedBooter.runSuitesInProcess(ForkedBooter.java:385)
	at org.apache.maven.surefire.booter.ForkedBooter.execute(ForkedBooter.java:162)
	at org.apache.maven.surefire.booter.ForkedBooter.run(ForkedBooter.java:507)
	at org.apache.maven.surefire.booter.ForkedBooter.main(ForkedBooter.java:495)
]]></failure>
    <system-out><![CDATA[it is before suite
it is before suite method ******** launcing the browser******
it is before suite method ******** launcing the browser******
]]></system-out>
    <system-err><![CDATA[java.io.FileNotFoundException: C:\Users\T540p\eclipse-workspace\toptechschool.sdet.testNG.framework2.\src\test\resources\ProjectData\project.properties (The system cannot find the path specified)
	at java.base/java.io.FileInputStream.open0(Native Method)
	at java.base/java.io.FileInputStream.open(FileInputStream.java:219)
	at java.base/java.io.FileInputStream.<init>(FileInputStream.java:158)
	at java.base/java.io.FileInputStream.<init>(FileInputStream.java:112)
	at java.base/java.io.FileReader.<init>(FileReader.java:60)
	at core.BaseClass.<init>(BaseClass.java:33)
	at tests.LoginTest.<init>(LoginTest.java:13)
	at java.base/jdk.internal.reflect.DirectConstructorHandleAccessor.newInstance(DirectConstructorHandleAccessor.java:67)
	at java.base/java.lang.reflect.Constructor.newInstanceWithCaller(Constructor.java:500)
	at java.base/java.lang.reflect.Constructor.newInstance(Constructor.java:484)
	at org.testng.internal.objects.InstanceCreator.newInstance(InstanceCreator.java:38)
	at org.testng.ITestObjectFactory.newInstance(ITestObjectFactory.java:18)
	at org.testng.internal.objects.SimpleObjectDispenser.instantiateUsingDefaultConstructor(SimpleObjectDispenser.java:178)
	at org.testng.internal.objects.SimpleObjectDispenser.createInstance(SimpleObjectDispenser.java:87)
	at org.testng.internal.objects.SimpleObjectDispenser.dispense(SimpleObjectDispenser.java:40)
	at org.testng.internal.objects.GuiceBasedObjectDispenser.dispense(GuiceBasedObjectDispenser.java:28)
	at org.testng.internal.ClassImpl.getDefaultInstance(ClassImpl.java:106)
	at org.testng.internal.ClassImpl.getInstances(ClassImpl.java:136)
	at org.testng.TestClass.getInstances(TestClass.java:129)
	at org.testng.TestClass.initTestClassesAndInstances(TestClass.java:109)
	at org.testng.TestClass.init(TestClass.java:101)
	at org.testng.TestClass.<init>(TestClass.java:66)
	at org.testng.TestRunner.initMethods(TestRunner.java:483)
	at org.testng.TestRunner.init(TestRunner.java:356)
	at org.testng.TestRunner.init(TestRunner.java:309)
	at org.testng.TestRunner.<init>(TestRunner.java:184)
	at org.testng.SuiteRunner$DefaultTestRunnerFactory.newTestRunner(SuiteRunner.java:652)
	at org.testng.SuiteRunner.init(SuiteRunner.java:224)
	at org.testng.SuiteRunner.<init>(SuiteRunner.java:116)
	at org.testng.TestNG.createSuiteRunner(TestNG.java:1375)
	at org.testng.TestNG.createSuiteRunners(TestNG.java:1349)
	at org.testng.TestNG.runSuitesLocally(TestNG.java:1191)
	at org.testng.TestNG.runSuites(TestNG.java:1114)
	at org.testng.TestNG.run(TestNG.java:1082)
	at org.apache.maven.surefire.testng.TestNGExecutor.run(TestNGExecutor.java:155)
	at org.apache.maven.surefire.testng.TestNGDirectoryTestSuite.executeMulti(TestNGDirectoryTestSuite.java:169)
	at org.apache.maven.surefire.testng.TestNGDirectoryTestSuite.execute(TestNGDirectoryTestSuite.java:88)
	at org.apache.maven.surefire.testng.TestNGProvider.invoke(TestNGProvider.java:137)
	at org.apache.maven.surefire.booter.ForkedBooter.runSuitesInProcess(ForkedBooter.java:385)
	at org.apache.maven.surefire.booter.ForkedBooter.execute(ForkedBooter.java:162)
	at org.apache.maven.surefire.booter.ForkedBooter.run(ForkedBooter.java:507)
	at org.apache.maven.surefire.booter.ForkedBooter.main(ForkedBooter.java:495)
log4j:ERROR Could not read configuration file [.\src\test\resources\ProjectData\Log4j2.properties].
java.io.FileNotFoundException: .\src\test\resources\ProjectData\Log4j2.properties (The system cannot find the path specified)
	at java.base/java.io.FileInputStream.open0(Native Method)
	at java.base/java.io.FileInputStream.open(FileInputStream.java:219)
	at java.base/java.io.FileInputStream.<init>(FileInputStream.java:158)
	at java.base/java.io.FileInputStream.<init>(FileInputStream.java:112)
	at org.apache.log4j.PropertyConfigurator.doConfigure(PropertyConfigurator.java:297)
	at org.apache.log4j.PropertyConfigurator.configure(PropertyConfigurator.java:315)
	at core.BaseClass.<init>(BaseClass.java:47)
	at tests.LoginTest.<init>(LoginTest.java:13)
	at java.base/jdk.internal.reflect.DirectConstructorHandleAccessor.newInstance(DirectConstructorHandleAccessor.java:67)
	at java.base/java.lang.reflect.Constructor.newInstanceWithCaller(Constructor.java:500)
	at java.base/java.lang.reflect.Constructor.newInstance(Constructor.java:484)
	at org.testng.internal.objects.InstanceCreator.newInstance(InstanceCreator.java:38)
	at org.testng.ITestObjectFactory.newInstance(ITestObjectFactory.java:18)
	at org.testng.internal.objects.SimpleObjectDispenser.instantiateUsingDefaultConstructor(SimpleObjectDispenser.java:178)
	at org.testng.internal.objects.SimpleObjectDispenser.createInstance(SimpleObjectDispenser.java:87)
	at org.testng.internal.objects.SimpleObjectDispenser.dispense(SimpleObjectDispenser.java:40)
	at org.testng.internal.objects.GuiceBasedObjectDispenser.dispense(GuiceBasedObjectDispenser.java:28)
	at org.testng.internal.ClassImpl.getDefaultInstance(ClassImpl.java:106)
	at org.testng.internal.ClassImpl.getInstances(ClassImpl.java:136)
	at org.testng.TestClass.getInstances(TestClass.java:129)
	at org.testng.TestClass.initTestClassesAndInstances(TestClass.java:109)
	at org.testng.TestClass.init(TestClass.java:101)
	at org.testng.TestClass.<init>(TestClass.java:66)
	at org.testng.TestRunner.initMethods(TestRunner.java:483)
	at org.testng.TestRunner.init(TestRunner.java:356)
	at org.testng.TestRunner.init(TestRunner.java:309)
	at org.testng.TestRunner.<init>(TestRunner.java:184)
	at org.testng.SuiteRunner$DefaultTestRunnerFactory.newTestRunner(SuiteRunner.java:652)
	at org.testng.SuiteRunner.init(SuiteRunner.java:224)
	at org.testng.SuiteRunner.<init>(SuiteRunner.java:116)
	at org.testng.TestNG.createSuiteRunner(TestNG.java:1375)
	at org.testng.TestNG.createSuiteRunners(TestNG.java:1349)
	at org.testng.TestNG.runSuitesLocally(TestNG.java:1191)
	at org.testng.TestNG.runSuites(TestNG.java:1114)
	at org.testng.TestNG.run(TestNG.java:1082)
	at org.apache.maven.surefire.testng.TestNGExecutor.run(TestNGExecutor.java:155)
	at org.apache.maven.surefire.testng.TestNGDirectoryTestSuite.executeMulti(TestNGDirectoryTestSuite.java:169)
	at org.apache.maven.surefire.testng.TestNGDirectoryTestSuite.execute(TestNGDirectoryTestSuite.java:88)
	at org.apache.maven.surefire.testng.TestNGProvider.invoke(TestNGProvider.java:137)
	at org.apache.maven.surefire.booter.ForkedBooter.runSuitesInProcess(ForkedBooter.java:385)
	at org.apache.maven.surefire.booter.ForkedBooter.execute(ForkedBooter.java:162)
	at org.apache.maven.surefire.booter.ForkedBooter.run(ForkedBooter.java:507)
	at org.apache.maven.surefire.booter.ForkedBooter.main(ForkedBooter.java:495)
log4j:ERROR Ignoring configuration file [.\src\test\resources\ProjectData\Log4j2.properties].
java.io.FileNotFoundException: C:\Users\T540p\eclipse-workspace\toptechschool.sdet.testNG.framework2.\src\test\resources\ProjectData\project.properties (The system cannot find the path specified)
	at java.base/java.io.FileInputStream.open0(Native Method)
	at java.base/java.io.FileInputStream.open(FileInputStream.java:219)
	at java.base/java.io.FileInputStream.<init>(FileInputStream.java:158)
	at java.base/java.io.FileInputStream.<init>(FileInputStream.java:112)
	at java.base/java.io.FileReader.<init>(FileReader.java:60)
	at core.BaseClass.<init>(BaseClass.java:33)
	at tests.RegistrationFormTest.<init>(RegistrationFormTest.java:14)
	at java.base/jdk.internal.reflect.DirectConstructorHandleAccessor.newInstance(DirectConstructorHandleAccessor.java:67)
	at java.base/java.lang.reflect.Constructor.newInstanceWithCaller(Constructor.java:500)
	at java.base/java.lang.reflect.Constructor.newInstance(Constructor.java:484)
	at org.testng.internal.objects.InstanceCreator.newInstance(InstanceCreator.java:38)
	at org.testng.ITestObjectFactory.newInstance(ITestObjectFactory.java:18)
	at org.testng.internal.objects.SimpleObjectDispenser.instantiateUsingDefaultConstructor(SimpleObjectDispenser.java:178)
	at org.testng.internal.objects.SimpleObjectDispenser.createInstance(SimpleObjectDispenser.java:87)
	at org.testng.internal.objects.SimpleObjectDispenser.dispense(SimpleObjectDispenser.java:40)
	at org.testng.internal.objects.GuiceBasedObjectDispenser.dispense(GuiceBasedObjectDispenser.java:28)
	at org.testng.internal.ClassImpl.getDefaultInstance(ClassImpl.java:106)
	at org.testng.internal.ClassImpl.getInstances(ClassImpl.java:136)
	at org.testng.TestClass.getInstances(TestClass.java:129)
	at org.testng.TestClass.initTestClassesAndInstances(TestClass.java:109)
	at org.testng.TestClass.init(TestClass.java:101)
	at org.testng.TestClass.<init>(TestClass.java:66)
	at org.testng.TestRunner.initMethods(TestRunner.java:483)
	at org.testng.TestRunner.init(TestRunner.java:356)
	at org.testng.TestRunner.init(TestRunner.java:309)
	at org.testng.TestRunner.<init>(TestRunner.java:184)
	at org.testng.SuiteRunner$DefaultTestRunnerFactory.newTestRunner(SuiteRunner.java:652)
	at org.testng.SuiteRunner.init(SuiteRunner.java:224)
	at org.testng.SuiteRunner.<init>(SuiteRunner.java:116)
	at org.testng.TestNG.createSuiteRunner(TestNG.java:1375)
	at org.testng.TestNG.createSuiteRunners(TestNG.java:1349)
	at org.testng.TestNG.runSuitesLocally(TestNG.java:1191)
	at org.testng.TestNG.runSuites(TestNG.java:1114)
	at org.testng.TestNG.run(TestNG.java:1082)
	at org.apache.maven.surefire.testng.TestNGExecutor.run(TestNGExecutor.java:155)
	at org.apache.maven.surefire.testng.TestNGDirectoryTestSuite.executeMulti(TestNGDirectoryTestSuite.java:169)
	at org.apache.maven.surefire.testng.TestNGDirectoryTestSuite.execute(TestNGDirectoryTestSuite.java:88)
	at org.apache.maven.surefire.testng.TestNGProvider.invoke(TestNGProvider.java:137)
	at org.apache.maven.surefire.booter.ForkedBooter.runSuitesInProcess(ForkedBooter.java:385)
	at org.apache.maven.surefire.booter.ForkedBooter.execute(ForkedBooter.java:162)
	at org.apache.maven.surefire.booter.ForkedBooter.run(ForkedBooter.java:507)
	at org.apache.maven.surefire.booter.ForkedBooter.main(ForkedBooter.java:495)
log4j:ERROR Could not read configuration file [.\src\test\resources\ProjectData\Log4j2.properties].
java.io.FileNotFoundException: .\src\test\resources\ProjectData\Log4j2.properties (The system cannot find the path specified)
	at java.base/java.io.FileInputStream.open0(Native Method)
	at java.base/java.io.FileInputStream.open(FileInputStream.java:219)
	at java.base/java.io.FileInputStream.<init>(FileInputStream.java:158)
	at java.base/java.io.FileInputStream.<init>(FileInputStream.java:112)
	at org.apache.log4j.PropertyConfigurator.doConfigure(PropertyConfigurator.java:297)
	at org.apache.log4j.PropertyConfigurator.configure(PropertyConfigurator.java:315)
	at core.BaseClass.<init>(BaseClass.java:47)
	at tests.RegistrationFormTest.<init>(RegistrationFormTest.java:14)
	at java.base/jdk.internal.reflect.DirectConstructorHandleAccessor.newInstance(DirectConstructorHandleAccessor.java:67)
	at java.base/java.lang.reflect.Constructor.newInstanceWithCaller(Constructor.java:500)
	at java.base/java.lang.reflect.Constructor.newInstance(Constructor.java:484)
	at org.testng.internal.objects.InstanceCreator.newInstance(InstanceCreator.java:38)
	at org.testng.ITestObjectFactory.newInstance(ITestObjectFactory.java:18)
	at org.testng.internal.objects.SimpleObjectDispenser.instantiateUsingDefaultConstructor(SimpleObjectDispenser.java:178)
	at org.testng.internal.objects.SimpleObjectDispenser.createInstance(SimpleObjectDispenser.java:87)
	at org.testng.internal.objects.SimpleObjectDispenser.dispense(SimpleObjectDispenser.java:40)
	at org.testng.internal.objects.GuiceBasedObjectDispenser.dispense(GuiceBasedObjectDispenser.java:28)
	at org.testng.internal.ClassImpl.getDefaultInstance(ClassImpl.java:106)
	at org.testng.internal.ClassImpl.getInstances(ClassImpl.java:136)
	at org.testng.TestClass.getInstances(TestClass.java:129)
	at org.testng.TestClass.initTestClassesAndInstances(TestClass.java:109)
	at org.testng.TestClass.init(TestClass.java:101)
	at org.testng.TestClass.<init>(TestClass.java:66)
	at org.testng.TestRunner.initMethods(TestRunner.java:483)
	at org.testng.TestRunner.init(TestRunner.java:356)
	at org.testng.TestRunner.init(TestRunner.java:309)
	at org.testng.TestRunner.<init>(TestRunner.java:184)
	at org.testng.SuiteRunner$DefaultTestRunnerFactory.newTestRunner(SuiteRunner.java:652)
	at org.testng.SuiteRunner.init(SuiteRunner.java:224)
	at org.testng.SuiteRunner.<init>(SuiteRunner.java:116)
	at org.testng.TestNG.createSuiteRunner(TestNG.java:1375)
	at org.testng.TestNG.createSuiteRunners(TestNG.java:1349)
	at org.testng.TestNG.runSuitesLocally(TestNG.java:1191)
	at org.testng.TestNG.runSuites(TestNG.java:1114)
	at org.testng.TestNG.run(TestNG.java:1082)
	at org.apache.maven.surefire.testng.TestNGExecutor.run(TestNGExecutor.java:155)
	at org.apache.maven.surefire.testng.TestNGDirectoryTestSuite.executeMulti(TestNGDirectoryTestSuite.java:169)
	at org.apache.maven.surefire.testng.TestNGDirectoryTestSuite.execute(TestNGDirectoryTestSuite.java:88)
	at org.apache.maven.surefire.testng.TestNGProvider.invoke(TestNGProvider.java:137)
	at org.apache.maven.surefire.booter.ForkedBooter.runSuitesInProcess(ForkedBooter.java:385)
	at org.apache.maven.surefire.booter.ForkedBooter.execute(ForkedBooter.java:162)
	at org.apache.maven.surefire.booter.ForkedBooter.run(ForkedBooter.java:507)
	at org.apache.maven.surefire.booter.ForkedBooter.main(ForkedBooter.java:495)
log4j:ERROR Ignoring configuration file [.\src\test\resources\ProjectData\Log4j2.properties].
java.io.FileNotFoundException: C:\Users\T540p\eclipse-workspace\toptechschool.sdet.testNG.framework2.\src\test\resources\ProjectData\project.properties (The system cannot find the path specified)
	at java.base/java.io.FileInputStream.open0(Native Method)
	at java.base/java.io.FileInputStream.open(FileInputStream.java:219)
	at java.base/java.io.FileInputStream.<init>(FileInputStream.java:158)
	at java.base/java.io.FileInputStream.<init>(FileInputStream.java:112)
	at java.base/java.io.FileReader.<init>(FileReader.java:60)
	at core.BaseClass.<init>(BaseClass.java:33)
	at tests.TestNG_Annotations.<init>(TestNG_Annotations.java:19)
	at java.base/jdk.internal.reflect.DirectConstructorHandleAccessor.newInstance(DirectConstructorHandleAccessor.java:67)
	at java.base/java.lang.reflect.Constructor.newInstanceWithCaller(Constructor.java:500)
	at java.base/java.lang.reflect.Constructor.newInstance(Constructor.java:484)
	at org.testng.internal.objects.InstanceCreator.newInstance(InstanceCreator.java:38)
	at org.testng.ITestObjectFactory.newInstance(ITestObjectFactory.java:18)
	at org.testng.internal.objects.SimpleObjectDispenser.instantiateUsingDefaultConstructor(SimpleObjectDispenser.java:178)
	at org.testng.internal.objects.SimpleObjectDispenser.createInstance(SimpleObjectDispenser.java:87)
	at org.testng.internal.objects.SimpleObjectDispenser.dispense(SimpleObjectDispenser.java:40)
	at org.testng.internal.objects.GuiceBasedObjectDispenser.dispense(GuiceBasedObjectDispenser.java:28)
	at org.testng.internal.ClassImpl.getDefaultInstance(ClassImpl.java:106)
	at org.testng.internal.ClassImpl.getInstances(ClassImpl.java:136)
	at org.testng.TestClass.getInstances(TestClass.java:129)
	at org.testng.TestClass.initTestClassesAndInstances(TestClass.java:109)
	at org.testng.TestClass.init(TestClass.java:101)
	at org.testng.TestClass.<init>(TestClass.java:66)
	at org.testng.TestRunner.initMethods(TestRunner.java:483)
	at org.testng.TestRunner.init(TestRunner.java:356)
	at org.testng.TestRunner.init(TestRunner.java:309)
	at org.testng.TestRunner.<init>(TestRunner.java:184)
	at org.testng.SuiteRunner$DefaultTestRunnerFactory.newTestRunner(SuiteRunner.java:652)
	at org.testng.SuiteRunner.init(SuiteRunner.java:224)
	at org.testng.SuiteRunner.<init>(SuiteRunner.java:116)
	at org.testng.TestNG.createSuiteRunner(TestNG.java:1375)
	at org.testng.TestNG.createSuiteRunners(TestNG.java:1349)
	at org.testng.TestNG.runSuitesLocally(TestNG.java:1191)
	at org.testng.TestNG.runSuites(TestNG.java:1114)
	at org.testng.TestNG.run(TestNG.java:1082)
	at org.apache.maven.surefire.testng.TestNGExecutor.run(TestNGExecutor.java:155)
	at org.apache.maven.surefire.testng.TestNGDirectoryTestSuite.executeMulti(TestNGDirectoryTestSuite.java:169)
	at org.apache.maven.surefire.testng.TestNGDirectoryTestSuite.execute(TestNGDirectoryTestSuite.java:88)
	at org.apache.maven.surefire.testng.TestNGProvider.invoke(TestNGProvider.java:137)
	at org.apache.maven.surefire.booter.ForkedBooter.runSuitesInProcess(ForkedBooter.java:385)
	at org.apache.maven.surefire.booter.ForkedBooter.execute(ForkedBooter.java:162)
	at org.apache.maven.surefire.booter.ForkedBooter.run(ForkedBooter.java:507)
	at org.apache.maven.surefire.booter.ForkedBooter.main(ForkedBooter.java:495)
log4j:ERROR Could not read configuration file [.\src\test\resources\ProjectData\Log4j2.properties].
java.io.FileNotFoundException: .\src\test\resources\ProjectData\Log4j2.properties (The system cannot find the path specified)
	at java.base/java.io.FileInputStream.open0(Native Method)
	at java.base/java.io.FileInputStream.open(FileInputStream.java:219)
	at java.base/java.io.FileInputStream.<init>(FileInputStream.java:158)
	at java.base/java.io.FileInputStream.<init>(FileInputStream.java:112)
	at org.apache.log4j.PropertyConfigurator.doConfigure(PropertyConfigurator.java:297)
	at org.apache.log4j.PropertyConfigurator.configure(PropertyConfigurator.java:315)
	at core.BaseClass.<init>(BaseClass.java:47)
	at tests.TestNG_Annotations.<init>(TestNG_Annotations.java:19)
	at java.base/jdk.internal.reflect.DirectConstructorHandleAccessor.newInstance(DirectConstructorHandleAccessor.java:67)
	at java.base/java.lang.reflect.Constructor.newInstanceWithCaller(Constructor.java:500)
	at java.base/java.lang.reflect.Constructor.newInstance(Constructor.java:484)
	at org.testng.internal.objects.InstanceCreator.newInstance(InstanceCreator.java:38)
	at org.testng.ITestObjectFactory.newInstance(ITestObjectFactory.java:18)
	at org.testng.internal.objects.SimpleObjectDispenser.instantiateUsingDefaultConstructor(SimpleObjectDispenser.java:178)
	at org.testng.internal.objects.SimpleObjectDispenser.createInstance(SimpleObjectDispenser.java:87)
	at org.testng.internal.objects.SimpleObjectDispenser.dispense(SimpleObjectDispenser.java:40)
	at org.testng.internal.objects.GuiceBasedObjectDispenser.dispense(GuiceBasedObjectDispenser.java:28)
	at org.testng.internal.ClassImpl.getDefaultInstance(ClassImpl.java:106)
	at org.testng.internal.ClassImpl.getInstances(ClassImpl.java:136)
	at org.testng.TestClass.getInstances(TestClass.java:129)
	at org.testng.TestClass.initTestClassesAndInstances(TestClass.java:109)
	at org.testng.TestClass.init(TestClass.java:101)
	at org.testng.TestClass.<init>(TestClass.java:66)
	at org.testng.TestRunner.initMethods(TestRunner.java:483)
	at org.testng.TestRunner.init(TestRunner.java:356)
	at org.testng.TestRunner.init(TestRunner.java:309)
	at org.testng.TestRunner.<init>(TestRunner.java:184)
	at org.testng.SuiteRunner$DefaultTestRunnerFactory.newTestRunner(SuiteRunner.java:652)
	at org.testng.SuiteRunner.init(SuiteRunner.java:224)
	at org.testng.SuiteRunner.<init>(SuiteRunner.java:116)
	at org.testng.TestNG.createSuiteRunner(TestNG.java:1375)
	at org.testng.TestNG.createSuiteRunners(TestNG.java:1349)
	at org.testng.TestNG.runSuitesLocally(TestNG.java:1191)
	at org.testng.TestNG.runSuites(TestNG.java:1114)
	at org.testng.TestNG.run(TestNG.java:1082)
	at org.apache.maven.surefire.testng.TestNGExecutor.run(TestNGExecutor.java:155)
	at org.apache.maven.surefire.testng.TestNGDirectoryTestSuite.executeMulti(TestNGDirectoryTestSuite.java:169)
	at org.apache.maven.surefire.testng.TestNGDirectoryTestSuite.execute(TestNGDirectoryTestSuite.java:88)
	at org.apache.maven.surefire.testng.TestNGProvider.invoke(TestNGProvider.java:137)
	at org.apache.maven.surefire.booter.ForkedBooter.runSuitesInProcess(ForkedBooter.java:385)
	at org.apache.maven.surefire.booter.ForkedBooter.execute(ForkedBooter.java:162)
	at org.apache.maven.surefire.booter.ForkedBooter.run(ForkedBooter.java:507)
	at org.apache.maven.surefire.booter.ForkedBooter.main(ForkedBooter.java:495)
log4j:ERROR Ignoring configuration file [.\src\test\resources\ProjectData\Log4j2.properties].
Starting ChromeDriver 116.0.5845.96 (1a391816688002153ef791ffe60d9e899a71a037-refs/branch-heads/5845@{#1382}) on port 48169
Only local connections are allowed.
Please see https://chromedriver.chromium.org/security-considerations for suggestions on keeping ChromeDriver safe.
ChromeDriver was started successfully.
Sep 06, 2023 3:49:18 PM org.openqa.selenium.devtools.CdpVersionFinder findNearestMatch
WARNING: Unable to find CDP implementation matching 116
Sep 06, 2023 3:49:18 PM org.openqa.selenium.chromium.ChromiumDriver lambda$new$3
WARNING: Unable to find version of CDP to use for . You may need to include a dependency on a specific version of the CDP using something similar to `org.seleniumhq.selenium:selenium-devtools-v86:4.8.1` where the version ("v86") matches the version of the chromium-based browser you're using and the version number of the artifact is the same as Selenium's.
]]></system-err>
  </testcase>
  <testcase name="loginTestPage" classname="tests.LoginTest" time="0.0">
    <skipped message="Cannot invoke &quot;java.util.Properties.getProperty(String)&quot; because &quot;core.BaseClass.properties&quot; is null"/>
  </testcase>
  <testcase name="gracefulTearDown" classname="tests.LoginTest" time="0.0">
    <skipped/>
  </testcase>
  <testcase name="initializeWebDriver" classname="tests.RegistrationFormTest" time="0.0">
    <skipped/>
  </testcase>
  <testcase name="registrationFormTest[sayedw, sadatw, sayewd@gmail.com, 11111.0, 1123test, 1123test](1)" classname="tests.RegistrationFormTest" time="0.0">
    <skipped message="Cannot invoke &quot;java.util.Properties.getProperty(String)&quot; because &quot;core.BaseClass.properties&quot; is null"/>
  </testcase>
  <testcase name="registrationFormTest[tomy, tom, tom@gmail.com, 44444.0, test44, test44](2)" classname="tests.RegistrationFormTest" time="0.0">
    <skipped message="Cannot invoke &quot;java.util.Properties.getProperty(String)&quot; because &quot;core.BaseClass.properties&quot; is null"/>
  </testcase>
  <testcase name="close" classname="tests.RegistrationFormTest" time="0.0">
    <skipped/>
  </testcase>
  <testcase name="beforTest" classname="tests.TestNG_Annotations" time="0.0">
    <skipped/>
  </testcase>
  <testcase name="beforeClass" classname="tests.TestNG_Annotations" time="0.0">
    <skipped/>
  </testcase>
  <testcase name="regressionTest1" classname="tests.TestNG_Annotations" time="0.0">
    <skipped message="Cannot invoke &quot;java.util.Properties.getProperty(String)&quot; because &quot;core.BaseClass.properties&quot; is null"/>
  </testcase>
  <testcase name="regressionTest2" classname="tests.TestNG_Annotations" time="0.0">
    <skipped message="Cannot invoke &quot;java.util.Properties.getProperty(String)&quot; because &quot;core.BaseClass.properties&quot; is null"/>
  </testcase>
  <testcase name="smokeTest1" classname="tests.TestNG_Annotations" time="0.0">
    <skipped message="Cannot invoke &quot;java.util.Properties.getProperty(String)&quot; because &quot;core.BaseClass.properties&quot; is null"/>
  </testcase>
  <testcase name="smokeTest2" classname="tests.TestNG_Annotations" time="0.0">
    <skipped message="Cannot invoke &quot;java.util.Properties.getProperty(String)&quot; because &quot;core.BaseClass.properties&quot; is null"/>
  </testcase>
  <testcase name="afterClass" classname="tests.TestNG_Annotations" time="0.0">
    <skipped/>
  </testcase>
  <testcase name="afterTest" classname="tests.TestNG_Annotations" time="0.0">
    <skipped/>
  </testcase>
  <testcase name="aftereSuite" classname="tests.TestNG_Annotations" time="0.0">
    <skipped/>
  </testcase>
  <testcase name="beforTest" classname="tests.TestNG_Features" time="0.0">
    <skipped/>
  </testcase>
  <testcase name="beforeClass" classname="tests.TestNG_Features" time="0.0">
    <skipped/>
  </testcase>
  <testcase name="beforeMethod" classname="tests.TestNG_Features" time="0.0">
    <skipped/>
  </testcase>
  <testcase name="beforeMethod" classname="tests.TestNG_Features" time="0.0">
    <skipped/>
  </testcase>
  <testcase name="beforeMethod" classname="tests.TestNG_Features" time="0.0">
    <skipped/>
  </testcase>
  <testcase name="beforeMethod" classname="tests.TestNG_Features" time="0.0">
    <skipped/>
  </testcase>
  <testcase name="beforeMethod" classname="tests.TestNG_Features" time="0.0">
    <skipped/>
  </testcase>
  <testcase name="beforeMethod" classname="tests.TestNG_Features" time="0.0">
    <skipped/>
  </testcase>
  <testcase name="beforeMethod" classname="tests.TestNG_Features" time="0.0">
    <skipped/>
  </testcase>
  <testcase name="beforeMethod" classname="tests.TestNG_Features" time="0.0">
    <skipped/>
  </testcase>
  <testcase name="beforeMethod" classname="tests.TestNG_Features" time="0.0">
    <skipped/>
  </testcase>
  <testcase name="beforeMethod" classname="tests.TestNG_Features" time="0.0">
    <skipped/>
  </testcase>
  <testcase name="runTestMultipleTimes" classname="tests.TestNG_Features" time="0.0">
    <skipped message="Cannot invoke &quot;java.util.Properties.getProperty(String)&quot; because &quot;core.BaseClass.properties&quot; is null"/>
  </testcase>
  <testcase name="runTestMultipleTimes" classname="tests.TestNG_Features" time="0.0">
    <skipped message="Cannot invoke &quot;java.util.Properties.getProperty(String)&quot; because &quot;core.BaseClass.properties&quot; is null"/>
  </testcase>
  <testcase name="afterMethod" classname="tests.TestNG_Features" time="0.0">
    <skipped/>
  </testcase>
  <testcase name="afterMethod" classname="tests.TestNG_Features" time="0.0">
    <skipped/>
  </testcase>
  <testcase name="afterMethod" classname="tests.TestNG_Features" time="0.0">
    <skipped/>
  </testcase>
  <testcase name="afterMethod" classname="tests.TestNG_Features" time="0.0">
    <skipped/>
  </testcase>
  <testcase name="afterMethod" classname="tests.TestNG_Features" time="0.0">
    <skipped/>
  </testcase>
  <testcase name="afterMethod" classname="tests.TestNG_Features" time="0.0">
    <skipped/>
  </testcase>
  <testcase name="afterMethod" classname="tests.TestNG_Features" time="0.0">
    <skipped/>
  </testcase>
  <testcase name="afterMethod" classname="tests.TestNG_Features" time="0.0">
    <skipped/>
  </testcase>
  <testcase name="afterMethod" classname="tests.TestNG_Features" time="0.0">
    <skipped/>
  </testcase>
  <testcase name="afterMethod" classname="tests.TestNG_Features" time="0.0">
    <skipped/>
  </testcase>
  <testcase name="description" classname="tests.TestNG_Features" time="0.0">
    <skipped message="Cannot invoke &quot;java.util.Properties.getProperty(String)&quot; because &quot;core.BaseClass.properties&quot; is null"/>
  </testcase>
  <testcase name="dividedByZeroExample1" classname="tests.TestNG_Features" time="0.0">
    <skipped message="Cannot invoke &quot;java.util.Properties.getProperty(String)&quot; because &quot;core.BaseClass.properties&quot; is null"/>
  </testcase>
  <testcase name="executetimeOut" classname="tests.TestNG_Features" time="0.0">
    <skipped message="Cannot invoke &quot;java.util.Properties.getProperty(String)&quot; because &quot;core.BaseClass.properties&quot; is null"/>
  </testcase>
  <testcase name="test" classname="tests.TestNG_Features" time="0.0">
    <skipped message="Cannot invoke &quot;java.util.Properties.getProperty(String)&quot; because &quot;core.BaseClass.properties&quot; is null"/>
  </testcase>
  <testcase name="testCaseSkipException" classname="tests.TestNG_Features" time="0.0">
    <skipped message="Cannot invoke &quot;java.util.Properties.getProperty(String)&quot; because &quot;core.BaseClass.properties&quot; is null"/>
  </testcase>
  <testcase name="alwaysRun" classname="tests.TestNG_Features" time="0.0">
    <skipped message="Cannot invoke &quot;java.util.Properties.getProperty(String)&quot; because &quot;core.BaseClass.properties&quot; is null"/>
  </testcase>
  <testcase name="smoke" classname="tests.TestNG_Features" time="0.0">
    <skipped message="Cannot invoke &quot;java.util.Properties.getProperty(String)&quot; because &quot;core.BaseClass.properties&quot; is null"/>
  </testcase>
  <testcase name="integration" classname="tests.TestNG_Features" time="0.0">
    <skipped message="Cannot invoke &quot;java.util.Properties.getProperty(String)&quot; because &quot;core.BaseClass.properties&quot; is null"/>
  </testcase>
  <testcase name="afterClass" classname="tests.TestNG_Features" time="0.0">
    <skipped/>
  </testcase>
  <testcase name="afterTest" classname="tests.TestNG_Features" time="0.0">
    <skipped/>
  </testcase>
  <testcase name="gracefulTearDown" classname="tests.TestNG_Features" time="0.0">
    <skipped/>
  </testcase>
  <testcase name="afterSuite" classname="tests.TestNG_Features" time="0.0">
    <skipped/>
  </testcase>
  <testcase name="beforTest" classname="tests.TestNG_GroupingAndDependency" time="0.0">
    <skipped/>
    <system-out><![CDATA[******** alwaysRun******
]]></system-out>
  </testcase>
  <testcase name="beforeClass" classname="tests.TestNG_GroupingAndDependency" time="0.0">
    <skipped/>
  </testcase>
  <testcase name="beforeMethod" classname="tests.TestNG_GroupingAndDependency" time="0.0">
    <skipped/>
  </testcase>
  <testcase name="beforeMethod" classname="tests.TestNG_GroupingAndDependency" time="0.0">
    <skipped/>
  </testcase>
  <testcase name="beforeMethod" classname="tests.TestNG_GroupingAndDependency" time="0.0">
    <skipped/>
  </testcase>
  <testcase name="beforeMethod" classname="tests.TestNG_GroupingAndDependency" time="0.0">
    <skipped/>
  </testcase>
  <testcase name="beforeMethod" classname="tests.TestNG_GroupingAndDependency" time="0.0">
    <skipped/>
  </testcase>
  <testcase name="beforeMethod" classname="tests.TestNG_GroupingAndDependency" time="0.0">
    <skipped/>
  </testcase>
  <testcase name="beforeMethod" classname="tests.TestNG_GroupingAndDependency" time="0.0">
    <skipped/>
  </testcase>
  <testcase name="beforeMethod" classname="tests.TestNG_GroupingAndDependency" time="0.0">
    <skipped/>
  </testcase>
  <testcase name="alwaysRun" classname="tests.TestNG_GroupingAndDependency" time="0.0">
    <skipped message="Cannot invoke &quot;java.util.Properties.getProperty(String)&quot; because &quot;core.BaseClass.properties&quot; is null"/>
  </testcase>
  <testcase name="afterMethod" classname="tests.TestNG_GroupingAndDependency" time="0.0">
    <skipped/>
  </testcase>
  <testcase name="afterMethod" classname="tests.TestNG_GroupingAndDependency" time="0.0">
    <skipped/>
  </testcase>
  <testcase name="afterMethod" classname="tests.TestNG_GroupingAndDependency" time="0.0">
    <skipped/>
  </testcase>
  <testcase name="afterMethod" classname="tests.TestNG_GroupingAndDependency" time="0.0">
    <skipped/>
  </testcase>
  <testcase name="afterMethod" classname="tests.TestNG_GroupingAndDependency" time="0.0">
    <skipped/>
  </testcase>
  <testcase name="afterMethod" classname="tests.TestNG_GroupingAndDependency" time="0.0">
    <skipped/>
  </testcase>
  <testcase name="afterMethod" classname="tests.TestNG_GroupingAndDependency" time="0.0">
    <skipped/>
  </testcase>
  <testcase name="afterMethod" classname="tests.TestNG_GroupingAndDependency" time="0.0">
    <skipped/>
  </testcase>
  <testcase name="dependsOnMethods" classname="tests.TestNG_GroupingAndDependency" time="0.0">
    <skipped message="Method tests.TestNG_GroupingAndDependency.dependsOnMethods() on instance tests.TestNG_GroupingAndDependency@13d9b21f depends on not successfully finished methods &#10;[tests.TestNG_GroupingAndDependency.alwaysRun() on instance tests.TestNG_GroupingAndDependency@13d9b21f]"/>
  </testcase>
  <testcase name="description" classname="tests.TestNG_GroupingAndDependency" time="0.0">
    <skipped message="Cannot invoke &quot;java.util.Properties.getProperty(String)&quot; because &quot;core.BaseClass.properties&quot; is null"/>
  </testcase>
  <testcase name="runTestMultipleTimes" classname="tests.TestNG_GroupingAndDependency" time="0.0">
    <skipped message="Cannot invoke &quot;java.util.Properties.getProperty(String)&quot; because &quot;core.BaseClass.properties&quot; is null"/>
  </testcase>
  <testcase name="runTestMultipleTimes" classname="tests.TestNG_GroupingAndDependency" time="0.0">
    <skipped message="Cannot invoke &quot;java.util.Properties.getProperty(String)&quot; because &quot;core.BaseClass.properties&quot; is null"/>
  </testcase>
  <testcase name="test" classname="tests.TestNG_GroupingAndDependency" time="0.0">
    <skipped message="Cannot invoke &quot;java.util.Properties.getProperty(String)&quot; because &quot;core.BaseClass.properties&quot; is null"/>
  </testcase>
  <testcase name="test1" classname="tests.TestNG_GroupingAndDependency" time="0.0">
    <skipped message="Cannot invoke &quot;java.util.Properties.getProperty(String)&quot; because &quot;core.BaseClass.properties&quot; is null"/>
  </testcase>
  <testcase name="test2" classname="tests.TestNG_GroupingAndDependency" time="0.0">
    <skipped message="Cannot invoke &quot;java.util.Properties.getProperty(String)&quot; because &quot;core.BaseClass.properties&quot; is null"/>
  </testcase>
  <testcase name="test4" classname="tests.TestNG_GroupingAndDependency" time="0.0">
    <skipped message="Cannot invoke &quot;java.util.Properties.getProperty(String)&quot; because &quot;core.BaseClass.properties&quot; is null"/>
  </testcase>
  <testcase name="test5" classname="tests.TestNG_GroupingAndDependency" time="0.0">
    <skipped message="Method TestNG_GroupingAndDependency.test5()[pri:0, instance:tests.TestNG_GroupingAndDependency@13d9b21f] depends on not successfully finished methods in group &quot;regression&quot;"/>
  </testcase>
  <testcase name="afterClass" classname="tests.TestNG_GroupingAndDependency" time="0.0">
    <skipped/>
  </testcase>
  <testcase name="afterTest" classname="tests.TestNG_GroupingAndDependency" time="0.0">
    <skipped/>
  </testcase>
  <testcase name="gracefulTearDown" classname="tests.TestNG_GroupingAndDependency" time="0.0">
    <skipped/>
  </testcase>
  <testcase name="afterSuite" classname="tests.TestNG_GroupingAndDependency" time="0.0">
    <skipped/>
  </testcase>
  <testcase name="loginToWebPage[user1, null](1)" classname="tests.DataProviderTest" time="0.0">
    <skipped message="Cannot invoke &quot;java.util.Properties.getProperty(String)&quot; because &quot;core.BaseClass.properties&quot; is null"/>
  </testcase>
  <testcase name="loginToWebPage[user2, pass2](2)" classname="tests.DataProviderTest" time="0.0">
    <skipped message="Cannot invoke &quot;java.util.Properties.getProperty(String)&quot; because &quot;core.BaseClass.properties&quot; is null"/>
  </testcase>
  <testcase name="loginToWebPage[user3, pass3](3)" classname="tests.DataProviderTest" time="0.0">
    <skipped message="Cannot invoke &quot;java.util.Properties.getProperty(String)&quot; because &quot;core.BaseClass.properties&quot; is null"/>
  </testcase>
  <testcase name="loginToWebPage[user4, pass4](4)" classname="tests.DataProviderTest" time="0.0">
    <skipped message="Cannot invoke &quot;java.util.Properties.getProperty(String)&quot; because &quot;core.BaseClass.properties&quot; is null"/>
  </testcase>
  <testcase name="test1[username, password, test](1)" classname="tests.DataProviderTest" time="0.0">
    <skipped message="Cannot invoke &quot;java.util.Properties.getProperty(String)&quot; because &quot;core.BaseClass.properties&quot; is null"/>
  </testcase>
  <testcase name="test1[username1, password1, test1](2)" classname="tests.DataProviderTest" time="0.0">
    <skipped message="Cannot invoke &quot;java.util.Properties.getProperty(String)&quot; because &quot;core.BaseClass.properties&quot; is null"/>
  </testcase>
  <testcase name="test1[username2, password2, test2](3)" classname="tests.DataProviderTest" time="0.0">
    <skipped message="Cannot invoke &quot;java.util.Properties.getProperty(String)&quot; because &quot;core.BaseClass.properties&quot; is null"/>
  </testcase>
  <testcase name="test1[username3, password3, test3](4)" classname="tests.DataProviderTest" time="0.0">
    <skipped message="Cannot invoke &quot;java.util.Properties.getProperty(String)&quot; because &quot;core.BaseClass.properties&quot; is null"/>
  </testcase>
  <testcase name="tearDwon" classname="tests.DataProviderTest" time="0.0">
    <skipped/>
  </testcase>
</testsuite>